XingPOSToPay/build/outputs/logs/manifest-merger-debug-report.txt
-- Merging decision tree log ---
uses-permission#getui.permission.GetuiService.com.wanding.xingpos
INJECTED from src\main\AndroidManifest.xml:59:5-86
	android:name
		INJECTED from src\main\AndroidManifest.xml
		ADDED from src\main\AndroidManifest.xml:59:22-83
permission#getui.permission.GetuiService.com.wanding.xingpos
INJECTED from src\main\AndroidManifest.xml:61:5-63:55
	android:protectionLevel
		ADDED from src\main\AndroidManifest.xml:63:9-41
	android:name
		INJECTED from src\main\AndroidManifest.xml
		ADDED from src\main\AndroidManifest.xml:62:9-70
manifest
ADDED from src\main\AndroidManifest.xml:2:1-501:12
INJECTED from src\main\AndroidManifest.xml:2:1-501:12
INJECTED from src\main\AndroidManifest.xml:2:1-501:12
INJECTED from src\main\AndroidManifest.xml:2:1-501:12
MERGED from [com.trycatch.android:mysnackbar:1.2.2] AndroidManifest.xml:2:1-17:12
MERGED from [com.android.support:design:27.1.1] AndroidManifest.xml:17:1-22:12
MERGED from [com.android.support:appcompat-v7:27.1.1] AndroidManifest.xml:17:1-22:12
MERGED from [com.android.support:support-v4:27.1.1] AndroidManifest.xml:17:1-22:12
MERGED from [com.android.support.constraint:constraint-layout:1.0.2] AndroidManifest.xml:2:1-11:12
MERGED from [:installmentsdk-android-1.0.0:] AndroidManifest.xml:2:1-40:12
MERGED from [org.xutils:xutils:3.5.1] AndroidManifest.xml:2:1-14:12
MERGED from [com.github.bumptech.glide:glide:4.8.0] AndroidManifest.xml:2:1-12:12
MERGED from [com.android.support:support-media-compat:27.1.1] AndroidManifest.xml:17:1-22:12
MERGED from [com.github.bumptech.glide:gifdecoder:4.8.0] AndroidManifest.xml:2:1-11:12
MERGED from [com.android.support:support-fragment:27.1.1] AndroidManifest.xml:17:1-22:12
MERGED from [com.android.support:recyclerview-v7:27.1.1] AndroidManifest.xml:17:1-22:12
MERGED from [com.android.support:animated-vector-drawable:27.1.1] AndroidManifest.xml:17:1-22:12
MERGED from [com.android.support:support-core-ui:27.1.1] AndroidManifest.xml:17:1-22:12
MERGED from [com.android.support:support-core-utils:27.1.1] AndroidManifest.xml:17:1-22:12
MERGED from [com.android.support:transition:27.1.1] AndroidManifest.xml:17:1-22:12
MERGED from [com.android.support:support-vector-drawable:27.1.1] AndroidManifest.xml:17:1-22:12
MERGED from [com.android.support:support-compat:27.1.1] AndroidManifest.xml:17:1-22:12
MERGED from [android.arch.lifecycle:runtime:1.1.0] AndroidManifest.xml:17:1-22:12
MERGED from [android.arch.lifecycle:livedata-core:1.1.0] AndroidManifest.xml:17:1-22:12
MERGED from [android.arch.core:runtime:1.1.0] AndroidManifest.xml:17:1-22:12
MERGED from [android.arch.lifecycle:viewmodel:1.1.0] AndroidManifest.xml:17:1-22:12
INJECTED from src\main\AndroidManifest.xml:2:1-501:12
INJECTED from src\main\AndroidManifest.xml:2:1-501:12
INJECTED from src\main\AndroidManifest.xml:2:1-501:12
	package
		ADDED from src\main\AndroidManifest.xml:4:2-31
		INJECTED from src\main\AndroidManifest.xml
		INJECTED from src\main\AndroidManifest.xml
	android:versionName
		INJECTED from src\main\AndroidManifest.xml
		ADDED from src\main\AndroidManifest.xml:2:1-501:12
		INJECTED from src\main\AndroidManifest.xml
	xmlns:tools
		ADDED from src\main\AndroidManifest.xml:3:2-48
	android:versionCode
		INJECTED from src\main\AndroidManifest.xml
		ADDED from src\main\AndroidManifest.xml:2:1-501:12
		INJECTED from src\main\AndroidManifest.xml
	xmlns:android
		ADDED from src\main\AndroidManifest.xml:2:11-69
uses-permission#android.permission.INTERNET
ADDED from src\main\AndroidManifest.xml:8:5-67
MERGED from [:installmentsdk-android-1.0.0:] AndroidManifest.xml:12:5-67
MERGED from [:installmentsdk-android-1.0.0:] AndroidManifest.xml:12:5-67
	android:name
		ADDED from src\main\AndroidManifest.xml:8:22-64
uses-permission#android.permission.CAMERA
ADDED from src\main\AndroidManifest.xml:10:5-81
	android:name
		ADDED from src\main\AndroidManifest.xml:10:22-62
uses-feature#android.hardware.camera
ADDED from src\main\AndroidManifest.xml:11:2-57
	android:name
		ADDED from src\main\AndroidManifest.xml:11:16-54
uses-feature#android.hardware.camera.autofocus
ADDED from src\main\AndroidManifest.xml:12:2-67
	android:name
		ADDED from src\main\AndroidManifest.xml:12:16-64
uses-permission#android.permission.VIBRATE
ADDED from src\main\AndroidManifest.xml:13:2-62
MERGED from [:installmentsdk-android-1.0.0:] AndroidManifest.xml:18:5-66
MERGED from [:installmentsdk-android-1.0.0:] AndroidManifest.xml:18:5-66
	android:name
		ADDED from src\main\AndroidManifest.xml:13:19-60
uses-permission#android.permission.FLASHLIGHT
ADDED from src\main\AndroidManifest.xml:14:4-67
	android:name
		ADDED from src\main\AndroidManifest.xml:14:21-65
uses-permission#android.permission.WRITE_EXTERNAL_STORAGE
ADDED from src\main\AndroidManifest.xml:17:5-81
MERGED from [:installmentsdk-android-1.0.0:] AndroidManifest.xml:15:5-81
MERGED from [:installmentsdk-android-1.0.0:] AndroidManifest.xml:15:5-81
	android:name
		ADDED from src\main\AndroidManifest.xml:17:22-78
uses-permission#android.permission.READ_EXTERNAL_STORAGE
ADDED from src\main\AndroidManifest.xml:19:2-76
MERGED from [:installmentsdk-android-1.0.0:] AndroidManifest.xml:16:5-80
MERGED from [:installmentsdk-android-1.0.0:] AndroidManifest.xml:16:5-80
	android:name
		ADDED from src\main\AndroidManifest.xml:19:19-74
uses-permission#android.permission.MOUNT_UNMOUNT_FILESYSTEMS
ADDED from src\main\AndroidManifest.xml:20:5-21:41
MERGED from [:installmentsdk-android-1.0.0:] AndroidManifest.xml:19:5-84
MERGED from [:installmentsdk-android-1.0.0:] AndroidManifest.xml:19:5-84
	tools:ignore
		ADDED from src\main\AndroidManifest.xml:21:3-38
	android:name
		ADDED from src\main\AndroidManifest.xml:20:22-81
uses-permission#android.permission.READ_PHONE_STATE
ADDED from src\main\AndroidManifest.xml:23:5-75
MERGED from [:installmentsdk-android-1.0.0:] AndroidManifest.xml:14:5-75
MERGED from [:installmentsdk-android-1.0.0:] AndroidManifest.xml:14:5-75
	android:name
		ADDED from src\main\AndroidManifest.xml:23:22-72
uses-permission#android.permission.READ_CONTACTS
ADDED from src\main\AndroidManifest.xml:25:2-68
	android:name
		ADDED from src\main\AndroidManifest.xml:25:19-66
uses-permission#android.permission.ACCESS_NETWORK_STATE
ADDED from src\main\AndroidManifest.xml:27:5-79
MERGED from [:installmentsdk-android-1.0.0:] AndroidManifest.xml:20:5-79
MERGED from [:installmentsdk-android-1.0.0:] AndroidManifest.xml:20:5-79
	android:name
		ADDED from src\main\AndroidManifest.xml:27:22-76
uses-permission#android.permission.CHANGE_NETWORK_STATE
ADDED from src\main\AndroidManifest.xml:28:5-79
	android:name
		ADDED from src\main\AndroidManifest.xml:28:22-76
uses-permission#android.permission.ACCESS_WIFI_STATE
ADDED from src\main\AndroidManifest.xml:30:5-76
MERGED from [:installmentsdk-android-1.0.0:] AndroidManifest.xml:21:5-76
MERGED from [:installmentsdk-android-1.0.0:] AndroidManifest.xml:21:5-76
	android:name
		ADDED from src\main\AndroidManifest.xml:30:22-73
uses-permission#android.permission.CHANGE_WIFI_STATE
ADDED from src\main\AndroidManifest.xml:32:5-76
	android:name
		ADDED from src\main\AndroidManifest.xml:32:22-73
uses-permission#android.permission.ACCESS_MOCK_LOCATION
ADDED from src\main\AndroidManifest.xml:33:5-34:54
	tools:ignore
		ADDED from src\main\AndroidManifest.xml:34:3-51
	android:name
		ADDED from src\main\AndroidManifest.xml:33:22-76
uses-permission#android.permission.ACCESS_COARSE_LOCATION
ADDED from src\main\AndroidManifest.xml:37:6-82
	android:name
		ADDED from src\main\AndroidManifest.xml:37:23-79
uses-permission#android.permission.ACCESS_FINE_LOCATION
ADDED from src\main\AndroidManifest.xml:41:3-76
	android:name
		ADDED from src\main\AndroidManifest.xml:41:20-74
uses-permission#android.permission.MANAGE_NEWLAND
ADDED from src\main\AndroidManifest.xml:43:3-70
	android:name
		ADDED from src\main\AndroidManifest.xml:43:20-68
uses-permission#android.permission.MANAGE_NEWLANDUART3
ADDED from src\main\AndroidManifest.xml:44:5-77
	android:name
		ADDED from src\main\AndroidManifest.xml:44:22-75
uses-permission#android.permission.MODIFY_AUDIO_SETTINGS
ADDED from src\main\AndroidManifest.xml:47:5-80
	android:name
		ADDED from src\main\AndroidManifest.xml:47:22-77
uses-permission#android.permission.WRITE_SETTINGS
ADDED from src\main\AndroidManifest.xml:48:5-49:41
MERGED from [:installmentsdk-android-1.0.0:] AndroidManifest.xml:17:5-73
MERGED from [:installmentsdk-android-1.0.0:] AndroidManifest.xml:17:5-73
	tools:ignore
		ADDED from src\main\AndroidManifest.xml:49:3-38
	android:name
		ADDED from src\main\AndroidManifest.xml:48:22-70
uses-permission#android.permission.SYSTEM_ALERT_WINDOW
ADDED from src\main\AndroidManifest.xml:52:5-77
	android:name
		ADDED from src\main\AndroidManifest.xml:52:22-75
uses-permission#android.permission.RECEIVE_BOOT_COMPLETED
ADDED from src\main\AndroidManifest.xml:55:5-81
	android:name
		ADDED from src\main\AndroidManifest.xml:55:22-78
uses-permission#android.permission.GET_TASKS
ADDED from src\main\AndroidManifest.xml:57:5-68
	android:name
		ADDED from src\main\AndroidManifest.xml:57:22-65
application
ADDED from src\main\AndroidManifest.xml:65:5-499:19
MERGED from [com.trycatch.android:mysnackbar:1.2.2] AndroidManifest.xml:11:5-15:19
MERGED from [com.trycatch.android:mysnackbar:1.2.2] AndroidManifest.xml:11:5-15:19
MERGED from [com.android.support.constraint:constraint-layout:1.0.2] AndroidManifest.xml:9:5-20
MERGED from [com.android.support.constraint:constraint-layout:1.0.2] AndroidManifest.xml:9:5-20
MERGED from [:installmentsdk-android-1.0.0:] AndroidManifest.xml:23:5-38:19
MERGED from [:installmentsdk-android-1.0.0:] AndroidManifest.xml:23:5-38:19
MERGED from [org.xutils:xutils:3.5.1] AndroidManifest.xml:12:5-20
MERGED from [org.xutils:xutils:3.5.1] AndroidManifest.xml:12:5-20
MERGED from [com.github.bumptech.glide:glide:4.8.0] AndroidManifest.xml:10:5-20
MERGED from [com.github.bumptech.glide:glide:4.8.0] AndroidManifest.xml:10:5-20
MERGED from [com.github.bumptech.glide:gifdecoder:4.8.0] AndroidManifest.xml:9:5-20
MERGED from [com.github.bumptech.glide:gifdecoder:4.8.0] AndroidManifest.xml:9:5-20
	android:supportsRtl
		ADDED from [com.trycatch.android:mysnackbar:1.2.2] AndroidManifest.xml:14:9-35
	android:label
		ADDED from src\main\AndroidManifest.xml:69:9-41
	android:icon
		ADDED from src\main\AndroidManifest.xml:68:9-45
	android:allowBackup
		ADDED from src\main\AndroidManifest.xml:67:9-35
	android:theme
		ADDED from src\main\AndroidManifest.xml:70:9-40
	android:usesCleartextTraffic
		ADDED from src\main\AndroidManifest.xml:71:3-38
	android:name
		ADDED from src\main\AndroidManifest.xml:66:3-46
activity#com.wanding.xingpos.activity.WelcomeActivity
ADDED from src\main\AndroidManifest.xml:73:9-81:20
	android:label
		ADDED from src\main\AndroidManifest.xml:75:13-45
	android:name
		ADDED from src\main\AndroidManifest.xml:74:13-72
intent-filter#action:name:android.intent.action.MAIN+category:name:android.intent.category.LAUNCHER
ADDED from src\main\AndroidManifest.xml:76:13-80:29
action#android.intent.action.MAIN
ADDED from src\main\AndroidManifest.xml:77:17-69
	android:name
		ADDED from src\main\AndroidManifest.xml:77:25-66
category#android.intent.category.LAUNCHER
ADDED from src\main\AndroidManifest.xml:79:17-77
	android:name
		ADDED from src\main\AndroidManifest.xml:79:27-74
meta-data#PUSH_APPID
ADDED from src\main\AndroidManifest.xml:83:9-85:54
	android:value
		ADDED from src\main\AndroidManifest.xml:85:13-51
	android:name
		ADDED from src\main\AndroidManifest.xml:84:13-38
meta-data#PUSH_APPKEY
ADDED from src\main\AndroidManifest.xml:86:9-88:53
	android:value
		ADDED from src\main\AndroidManifest.xml:88:13-50
	android:name
		ADDED from src\main\AndroidManifest.xml:87:13-39
meta-data#PUSH_APPSECRET
ADDED from src\main\AndroidManifest.xml:89:9-91:54
	android:value
		ADDED from src\main\AndroidManifest.xml:91:13-51
	android:name
		ADDED from src\main\AndroidManifest.xml:90:13-42
service#com.igexin.sdk.PushService
ADDED from src\main\AndroidManifest.xml:95:9-104:19
	android:process
		ADDED from src\main\AndroidManifest.xml:100:13-43
	android:label
		ADDED from src\main\AndroidManifest.xml:99:13-47
	android:exported
		ADDED from src\main\AndroidManifest.xml:98:13-37
	android:permission
		ADDED from src\main\AndroidManifest.xml:97:13-69
	android:name
		ADDED from src\main\AndroidManifest.xml:96:13-54
intent-filter#action:name:com.igexin.sdk.action.service.message
ADDED from src\main\AndroidManifest.xml:101:13-103:29
action#com.igexin.sdk.action.service.message
ADDED from src\main\AndroidManifest.xml:102:17-79
	android:name
		ADDED from src\main\AndroidManifest.xml:102:25-77
receiver#com.igexin.sdk.PushReceiver
ADDED from src\main\AndroidManifest.xml:106:9-116:20
	android:name
		ADDED from src\main\AndroidManifest.xml:106:19-61
intent-filter#action:name:android.intent.action.ACTION_POWER_CONNECTED+action:name:android.intent.action.ACTION_POWER_DISCONNECTED+action:name:android.intent.action.BOOT_COMPLETED+action:name:android.intent.action.MEDIA_MOUNTED+action:name:android.intent.action.USER_PRESENT+action:name:android.net.conn.CONNECTIVITY_CHANGE
ADDED from src\main\AndroidManifest.xml:107:13-115:29
action#android.intent.action.BOOT_COMPLETED
ADDED from src\main\AndroidManifest.xml:108:17-79
	android:name
		ADDED from src\main\AndroidManifest.xml:108:25-76
action#android.net.conn.CONNECTIVITY_CHANGE
ADDED from src\main\AndroidManifest.xml:109:17-79
	android:name
		ADDED from src\main\AndroidManifest.xml:109:25-76
action#android.intent.action.USER_PRESENT
ADDED from src\main\AndroidManifest.xml:110:17-77
	android:name
		ADDED from src\main\AndroidManifest.xml:110:25-74
action#android.intent.action.MEDIA_MOUNTED
ADDED from src\main\AndroidManifest.xml:112:17-78
	android:name
		ADDED from src\main\AndroidManifest.xml:112:25-75
action#android.intent.action.ACTION_POWER_CONNECTED
ADDED from src\main\AndroidManifest.xml:113:17-87
	android:name
		ADDED from src\main\AndroidManifest.xml:113:25-84
action#android.intent.action.ACTION_POWER_DISCONNECTED
ADDED from src\main\AndroidManifest.xml:114:17-90
	android:name
		ADDED from src\main\AndroidManifest.xml:114:25-87
service#com.wanding.xingpos.getui.DemoIntentService
ADDED from src\main\AndroidManifest.xml:119:9-122:19
	android:name
		ADDED from src\main\AndroidManifest.xml:120:13-52
service#com.wanding.xingpos.getui.GetuiPushService
ADDED from src\main\AndroidManifest.xml:123:3-128:13
	android:process
		ADDED from src\main\AndroidManifest.xml:127:4-34
	android:label
		ADDED from src\main\AndroidManifest.xml:126:4-31
	android:exported
		ADDED from src\main\AndroidManifest.xml:125:4-27
	android:name
		ADDED from src\main\AndroidManifest.xml:124:4-42
activity#com.zijunlin.Zxing.Demo.CaptureActivity
ADDED from src\main\AndroidManifest.xml:131:3-135:19
	android:screenOrientation
		ADDED from src\main\AndroidManifest.xml:133:7-43
	android:launchMode
		ADDED from src\main\AndroidManifest.xml:134:7-37
	android:name
		ADDED from src\main\AndroidManifest.xml:132:7-61
activity#com.wanding.xingpos.MainActivity
ADDED from src\main\AndroidManifest.xml:137:3-141:19
	android:screenOrientation
		ADDED from src\main\AndroidManifest.xml:139:7-43
	android:launchMode
		ADDED from src\main\AndroidManifest.xml:140:7-38
	android:name
		ADDED from src\main\AndroidManifest.xml:138:7-54
activity#com.wanding.xingpos.activity.UserSetPasswdActivity
ADDED from src\main\AndroidManifest.xml:143:3-147:19
	android:screenOrientation
		ADDED from src\main\AndroidManifest.xml:145:7-43
	android:launchMode
		ADDED from src\main\AndroidManifest.xml:146:7-36
	android:name
		ADDED from src\main\AndroidManifest.xml:144:7-72
activity#com.wanding.xingpos.activity.CardPayActivity
ADDED from src\main\AndroidManifest.xml:149:3-153:19
	android:screenOrientation
		ADDED from src\main\AndroidManifest.xml:151:7-43
	android:launchMode
		ADDED from src\main\AndroidManifest.xml:152:7-36
	android:name
		ADDED from src\main\AndroidManifest.xml:150:7-66
activity#com.wanding.xingpos.activity.CardRefundActivity
ADDED from src\main\AndroidManifest.xml:155:3-159:19
	android:screenOrientation
		ADDED from src\main\AndroidManifest.xml:157:7-43
	android:launchMode
		ADDED from src\main\AndroidManifest.xml:158:7-36
	android:name
		ADDED from src\main\AndroidManifest.xml:156:7-69
activity#com.wanding.xingpos.activity.AuthActivity
ADDED from src\main\AndroidManifest.xml:161:3-165:19
	android:screenOrientation
		ADDED from src\main\AndroidManifest.xml:163:7-43
	android:launchMode
		ADDED from src\main\AndroidManifest.xml:164:7-36
	android:name
		ADDED from src\main\AndroidManifest.xml:162:7-63
activity#com.wanding.xingpos.instalment.InstalmentActivity
ADDED from src\main\AndroidManifest.xml:167:3-171:19
	android:screenOrientation
		ADDED from src\main\AndroidManifest.xml:169:7-43
	android:launchMode
		ADDED from src\main\AndroidManifest.xml:170:7-36
	android:name
		ADDED from src\main\AndroidManifest.xml:168:7-71
activity#com.wanding.xingpos.instalment.InstalmentOrderDetailActivity
ADDED from src\main\AndroidManifest.xml:173:3-177:16
	android:screenOrientation
		ADDED from src\main\AndroidManifest.xml:175:4-40
	android:launchMode
		ADDED from src\main\AndroidManifest.xml:176:4-33
	android:name
		ADDED from src\main\AndroidManifest.xml:174:4-79
activity#com.wanding.xingpos.instalment.InstalmentOrderRefundActivity
ADDED from src\main\AndroidManifest.xml:179:3-183:16
	android:screenOrientation
		ADDED from src\main\AndroidManifest.xml:181:4-40
	android:launchMode
		ADDED from src\main\AndroidManifest.xml:182:4-33
	android:name
		ADDED from src\main\AndroidManifest.xml:180:4-79
activity#com.wanding.xingpos.instalment.InstalmentRefundHintActivity
ADDED from src\main\AndroidManifest.xml:185:3-189:16
	android:screenOrientation
		ADDED from src\main\AndroidManifest.xml:187:4-40
	android:launchMode
		ADDED from src\main\AndroidManifest.xml:188:4-33
	android:name
		ADDED from src\main\AndroidManifest.xml:186:4-78
activity#com.wanding.xingpos.instalment.InstalmentScreenActivity
ADDED from src\main\AndroidManifest.xml:191:3-195:16
	android:screenOrientation
		ADDED from src\main\AndroidManifest.xml:193:4-40
	android:launchMode
		ADDED from src\main\AndroidManifest.xml:194:4-33
	android:name
		ADDED from src\main\AndroidManifest.xml:192:4-74
activity#com.wanding.xingpos.activity.ScanPayActivity
ADDED from src\main\AndroidManifest.xml:197:3-201:19
	android:screenOrientation
		ADDED from src\main\AndroidManifest.xml:199:7-43
	android:launchMode
		ADDED from src\main\AndroidManifest.xml:200:7-37
	android:name
		ADDED from src\main\AndroidManifest.xml:198:7-66
activity#com.wanding.xingpos.activity.PaySuccessActivity
ADDED from src\main\AndroidManifest.xml:203:3-207:19
	android:screenOrientation
		ADDED from src\main\AndroidManifest.xml:205:7-43
	android:launchMode
		ADDED from src\main\AndroidManifest.xml:206:7-37
	android:name
		ADDED from src\main\AndroidManifest.xml:204:7-69
activity#com.wanding.xingpos.activity.ScanRefundActivity
ADDED from src\main\AndroidManifest.xml:209:3-213:19
	android:screenOrientation
		ADDED from src\main\AndroidManifest.xml:211:7-43
	android:launchMode
		ADDED from src\main\AndroidManifest.xml:212:7-36
	android:name
		ADDED from src\main\AndroidManifest.xml:210:7-69
activity#com.wanding.xingpos.activity.RefundSuccessActivity
ADDED from src\main\AndroidManifest.xml:215:3-219:19
	android:screenOrientation
		ADDED from src\main\AndroidManifest.xml:217:7-43
	android:launchMode
		ADDED from src\main\AndroidManifest.xml:218:7-36
	android:name
		ADDED from src\main\AndroidManifest.xml:216:7-72
activity#com.wanding.xingpos.activity.ScanQueryActivity
ADDED from src\main\AndroidManifest.xml:221:3-225:19
	android:screenOrientation
		ADDED from src\main\AndroidManifest.xml:223:7-43
	android:launchMode
		ADDED from src\main\AndroidManifest.xml:224:7-36
	android:name
		ADDED from src\main\AndroidManifest.xml:222:7-68
activity#com.wanding.xingpos.activity.WriteOffActivity
ADDED from src\main\AndroidManifest.xml:227:3-231:19
	android:screenOrientation
		ADDED from src\main\AndroidManifest.xml:229:7-43
	android:launchMode
		ADDED from src\main\AndroidManifest.xml:230:7-36
	android:name
		ADDED from src\main\AndroidManifest.xml:228:7-67
activity#com.wanding.xingpos.activity.WriteOffRecodeListActivity
ADDED from src\main\AndroidManifest.xml:233:3-237:19
	android:screenOrientation
		ADDED from src\main\AndroidManifest.xml:235:7-43
	android:launchMode
		ADDED from src\main\AndroidManifest.xml:236:7-36
	android:name
		ADDED from src\main\AndroidManifest.xml:234:7-77
activity#com.wanding.xingpos.activity.CardVerificaRecodeActivity
ADDED from src\main\AndroidManifest.xml:238:3-242:19
	android:screenOrientation
		ADDED from src\main\AndroidManifest.xml:240:7-43
	android:launchMode
		ADDED from src\main\AndroidManifest.xml:241:7-36
	android:name
		ADDED from src\main\AndroidManifest.xml:239:7-77
activity#com.wanding.xingpos.activity.WriteOffRecodeDetailActivity
ADDED from src\main\AndroidManifest.xml:244:3-248:19
	android:screenOrientation
		ADDED from src\main\AndroidManifest.xml:246:7-43
	android:launchMode
		ADDED from src\main\AndroidManifest.xml:247:7-36
	android:name
		ADDED from src\main\AndroidManifest.xml:245:7-79
activity#com.wanding.xingpos.activity.NumCardRecodeDetailActivity
ADDED from src\main\AndroidManifest.xml:250:3-254:19
	android:screenOrientation
		ADDED from src\main\AndroidManifest.xml:252:7-43
	android:launchMode
		ADDED from src\main\AndroidManifest.xml:253:7-36
	android:name
		ADDED from src\main\AndroidManifest.xml:251:7-78
activity#com.wanding.xingpos.activity.CouponsRecodeDetailActivity
ADDED from src\main\AndroidManifest.xml:256:3-260:19
	android:screenOrientation
		ADDED from src\main\AndroidManifest.xml:258:7-43
	android:launchMode
		ADDED from src\main\AndroidManifest.xml:259:7-36
	android:name
		ADDED from src\main\AndroidManifest.xml:257:7-78
activity#com.wanding.xingpos.activity.ScanAuthActivity
ADDED from src\main\AndroidManifest.xml:262:3-266:19
	android:screenOrientation
		ADDED from src\main\AndroidManifest.xml:264:7-43
	android:launchMode
		ADDED from src\main\AndroidManifest.xml:265:7-36
	android:name
		ADDED from src\main\AndroidManifest.xml:263:7-67
activity#com.wanding.xingpos.activity.ScanAuthCancelActivity
ADDED from src\main\AndroidManifest.xml:268:3-272:19
	android:screenOrientation
		ADDED from src\main\AndroidManifest.xml:270:7-43
	android:launchMode
		ADDED from src\main\AndroidManifest.xml:271:7-36
	android:name
		ADDED from src\main\AndroidManifest.xml:269:7-73
activity#com.wanding.xingpos.activity.ScanAuthRecodeListActivity
ADDED from src\main\AndroidManifest.xml:274:3-278:19
	android:screenOrientation
		ADDED from src\main\AndroidManifest.xml:276:7-43
	android:launchMode
		ADDED from src\main\AndroidManifest.xml:277:7-36
	android:name
		ADDED from src\main\AndroidManifest.xml:275:7-77
activity#com.wanding.xingpos.activity.ScanAuthOrderDetailsActivity
ADDED from src\main\AndroidManifest.xml:280:3-284:19
	android:screenOrientation
		ADDED from src\main\AndroidManifest.xml:282:7-43
	android:launchMode
		ADDED from src\main\AndroidManifest.xml:283:7-36
	android:name
		ADDED from src\main\AndroidManifest.xml:281:7-79
activity#com.wanding.xingpos.activity.MemberManageActivity
ADDED from src\main\AndroidManifest.xml:287:3-291:19
	android:screenOrientation
		ADDED from src\main\AndroidManifest.xml:289:7-43
	android:launchMode
		ADDED from src\main\AndroidManifest.xml:290:7-36
	android:name
		ADDED from src\main\AndroidManifest.xml:288:7-71
activity#com.wanding.xingpos.activity.MemberQueryActivity
ADDED from src\main\AndroidManifest.xml:293:3-297:19
	android:screenOrientation
		ADDED from src\main\AndroidManifest.xml:295:7-43
	android:launchMode
		ADDED from src\main\AndroidManifest.xml:296:7-36
	android:name
		ADDED from src\main\AndroidManifest.xml:294:7-70
activity#com.wanding.xingpos.activity.MemberTopUpCardCodeActivity
ADDED from src\main\AndroidManifest.xml:299:3-303:19
	android:screenOrientation
		ADDED from src\main\AndroidManifest.xml:301:7-43
	android:launchMode
		ADDED from src\main\AndroidManifest.xml:302:7-36
	android:name
		ADDED from src\main\AndroidManifest.xml:300:7-78
activity#com.wanding.xingpos.activity.MemberTopUpRecodeListActivity
ADDED from src\main\AndroidManifest.xml:305:3-309:19
	android:screenOrientation
		ADDED from src\main\AndroidManifest.xml:307:7-43
	android:launchMode
		ADDED from src\main\AndroidManifest.xml:308:7-36
	android:name
		ADDED from src\main\AndroidManifest.xml:306:7-80
activity#com.wanding.xingpos.activity.DepositRecodeDetailActivity
ADDED from src\main\AndroidManifest.xml:311:3-315:19
	android:screenOrientation
		ADDED from src\main\AndroidManifest.xml:313:7-43
	android:launchMode
		ADDED from src\main\AndroidManifest.xml:314:7-36
	android:name
		ADDED from src\main\AndroidManifest.xml:312:7-78
activity#com.wanding.xingpos.activity.MemberTopUpActivity
ADDED from src\main\AndroidManifest.xml:317:3-321:19
	android:screenOrientation
		ADDED from src\main\AndroidManifest.xml:319:7-43
	android:launchMode
		ADDED from src\main\AndroidManifest.xml:320:7-36
	android:name
		ADDED from src\main\AndroidManifest.xml:318:7-70
activity#com.wanding.xingpos.activity.MemberPayActivity
ADDED from src\main\AndroidManifest.xml:323:3-327:19
	android:screenOrientation
		ADDED from src\main\AndroidManifest.xml:325:7-43
	android:launchMode
		ADDED from src\main\AndroidManifest.xml:326:7-36
	android:name
		ADDED from src\main\AndroidManifest.xml:324:7-68
activity#com.wanding.xingpos.activity.MemberPayRecodeListActivity
ADDED from src\main\AndroidManifest.xml:329:3-333:19
	android:screenOrientation
		ADDED from src\main\AndroidManifest.xml:331:7-43
	android:launchMode
		ADDED from src\main\AndroidManifest.xml:332:7-36
	android:name
		ADDED from src\main\AndroidManifest.xml:330:7-78
activity#com.wanding.xingpos.activity.MemberPayRecodeDetailActivity
ADDED from src\main\AndroidManifest.xml:335:3-339:19
	android:screenOrientation
		ADDED from src\main\AndroidManifest.xml:337:7-43
	android:launchMode
		ADDED from src\main\AndroidManifest.xml:338:7-36
	android:name
		ADDED from src\main\AndroidManifest.xml:336:7-80
activity#com.wanding.xingpos.activity.BuyCardActivity
ADDED from src\main\AndroidManifest.xml:341:3-345:19
	android:screenOrientation
		ADDED from src\main\AndroidManifest.xml:343:7-43
	android:launchMode
		ADDED from src\main\AndroidManifest.xml:344:7-36
	android:name
		ADDED from src\main\AndroidManifest.xml:342:7-66
activity#com.wanding.xingpos.activity.BuyCardTypeActivity
ADDED from src\main\AndroidManifest.xml:347:3-351:19
	android:screenOrientation
		ADDED from src\main\AndroidManifest.xml:349:7-43
	android:launchMode
		ADDED from src\main\AndroidManifest.xml:350:7-36
	android:name
		ADDED from src\main\AndroidManifest.xml:348:7-70
activity#com.wanding.xingpos.activity.BuyCardRecodeListActivity
ADDED from src\main\AndroidManifest.xml:353:3-357:19
	android:screenOrientation
		ADDED from src\main\AndroidManifest.xml:355:7-43
	android:launchMode
		ADDED from src\main\AndroidManifest.xml:356:7-36
	android:name
		ADDED from src\main\AndroidManifest.xml:354:7-76
activity#com.wanding.xingpos.activity.BuyCardRecodeDetailActivity
ADDED from src\main\AndroidManifest.xml:359:3-363:19
	android:screenOrientation
		ADDED from src\main\AndroidManifest.xml:361:7-43
	android:launchMode
		ADDED from src\main\AndroidManifest.xml:362:7-36
	android:name
		ADDED from src\main\AndroidManifest.xml:360:7-78
activity#com.wanding.xingpos.activity.PayErrorActivity
ADDED from src\main\AndroidManifest.xml:365:3-369:19
	android:screenOrientation
		ADDED from src\main\AndroidManifest.xml:367:7-43
	android:launchMode
		ADDED from src\main\AndroidManifest.xml:368:7-36
	android:name
		ADDED from src\main\AndroidManifest.xml:366:7-67
activity#com.wanding.xingpos.activity.AgainPrintActivity
ADDED from src\main\AndroidManifest.xml:371:3-375:19
	android:screenOrientation
		ADDED from src\main\AndroidManifest.xml:373:7-43
	android:launchMode
		ADDED from src\main\AndroidManifest.xml:374:7-36
	android:name
		ADDED from src\main\AndroidManifest.xml:372:7-69
activity#com.wanding.xingpos.activity.ShiftActivity
ADDED from src\main\AndroidManifest.xml:377:3-381:19
	android:screenOrientation
		ADDED from src\main\AndroidManifest.xml:379:7-43
	android:launchMode
		ADDED from src\main\AndroidManifest.xml:380:7-36
	android:name
		ADDED from src\main\AndroidManifest.xml:378:7-64
activity#com.wanding.xingpos.activity.ShiftRecordActivity
ADDED from src\main\AndroidManifest.xml:383:3-387:19
	android:screenOrientation
		ADDED from src\main\AndroidManifest.xml:385:7-43
	android:launchMode
		ADDED from src\main\AndroidManifest.xml:386:7-36
	android:name
		ADDED from src\main\AndroidManifest.xml:384:7-70
activity#com.wanding.xingpos.activity.ShiftRecordDetailActivity
ADDED from src\main\AndroidManifest.xml:389:3-393:19
	android:screenOrientation
		ADDED from src\main\AndroidManifest.xml:391:7-43
	android:launchMode
		ADDED from src\main\AndroidManifest.xml:392:7-36
	android:name
		ADDED from src\main\AndroidManifest.xml:390:7-76
activity#com.wanding.xingpos.activity.OrderListActivity
ADDED from src\main\AndroidManifest.xml:395:3-399:19
	android:screenOrientation
		ADDED from src\main\AndroidManifest.xml:397:7-43
	android:launchMode
		ADDED from src\main\AndroidManifest.xml:398:7-37
	android:name
		ADDED from src\main\AndroidManifest.xml:396:7-68
activity#com.wanding.xingpos.activity.CopyOfOrderListActivity
ADDED from src\main\AndroidManifest.xml:401:3-405:19
	android:screenOrientation
		ADDED from src\main\AndroidManifest.xml:403:7-43
	android:launchMode
		ADDED from src\main\AndroidManifest.xml:404:7-37
	android:name
		ADDED from src\main\AndroidManifest.xml:402:7-74
activity#com.wanding.xingpos.activity.OrderDetailsActivity
ADDED from src\main\AndroidManifest.xml:407:3-411:19
	android:screenOrientation
		ADDED from src\main\AndroidManifest.xml:409:7-43
	android:launchMode
		ADDED from src\main\AndroidManifest.xml:410:7-37